=== Suite started at 2019-03-23 16:29:52
=== Starting test, 3 test cases
=cases         3
=user          ericson
=host          nohost
=hosts         nohost 
=emulator_vsn  9.2
=emulator      beam
=otp_release   20
=started       2019-03-23 16:29:52
=case          ct_framework:init_per_suite
=logfile       ct_framework.init_per_suite.html
=group_props   [{suite,basic_SUITE}]
=started       2019-03-23 16:29:52
=ended         2019-03-23 16:29:52
=result        ok
=elapsed       0.0
=case          basic_SUITE:test1
=logfile       basic_suite.test1.html
=started       2019-03-23 16:29:52
=ended         2019-03-23 16:29:52
=result        ok
=elapsed       0.005086
=case          basic_SUITE:test2
=logfile       basic_suite.test2.html
=started       2019-03-23 16:29:52
=ended         2019-03-23 16:29:52
=result        failed: {badarith,
                           [{basic_SUITE,test2,1,
                                [{file,
                                     "/home/ericson/erlang_big/apps/chapter28/test/demo/basic_SUITE.erl"},
                                 {line,14}]},
                            {test_server,ts_tc,3,
                                [{file,"test_server.erl"},{line,1546}]},
                            {test_server,run_test_case_eval1,6,
                                [{file,"test_server.erl"},{line,1062}]},
                            {test_server,run_test_case_eval,9,
                                [{file,"test_server.erl"},{line,994}]}]}, [{basic_SUITE,
                                                                            test2,
                                                                            14},
                                                                           {test_server,
                                                                            ts_tc,
                                                                            1546},
                                                                           {test_server,
                                                                            run_test_case_eval1,
                                                                            1062},
                                                                           {test_server,
                                                                            run_test_case_eval,
                                                                            994}]
=== *** FAILED test case 2 of 3 ***
=case          ct_framework:end_per_suite
=logfile       ct_framework.end_per_suite.html
=group_props   [{suite,basic_SUITE}]
=started       2019-03-23 16:29:52
=ended         2019-03-23 16:29:52
=result        ok
=elapsed       1.0e-6
=group_time    0.098s
=case          ct_framework:init_per_suite
=logfile       ct_framework.init_per_suite.4.html
=group_props   [{suite,state_SUITE}]
=started       2019-03-23 16:29:52
=ended         2019-03-23 16:29:52
=result        ok
=elapsed       0.0
=case          state_SUITE:ets_tests
=logfile       state_suite.ets_tests.html
=started       2019-03-23 16:29:52
=ended         2019-03-23 16:29:52
=result        failed: {undef,
                           [{state_SUITE,ets_tests,
                                [[{table,#Ref<0.168996114.2149449731.10347>},
                                  {watchdog,<0.161.0>},
                                  {tc_logfile,
                                      "/home/ericson/erlang_big/apps/chapter28/test/demo/ct_run.nonode@nohost.2019-03-23_16.29.52/test.demo.logs/run.2019-03-23_16.29.52/state_suite.ets_tests.html"},
                                  {tc_group_properties,[{suite,state_SUITE}]},
                                  {tc_group_path,[]},
                                  {data_dir,
                                      "/home/ericson/erlang_big/apps/chapter28/test/demo/state_SUITE_data/"},
                                  {priv_dir,
                                      "/home/ericson/erlang_big/apps/chapter28/test/demo/ct_run.nonode@nohost.2019-03-23_16.29.52/test.demo.logs/run.2019-03-23_16.29.52/log_private/"}]],
                                []},
                            {test_server,ts_tc,3,
                                [{file,"test_server.erl"},{line,1546}]},
                            {test_server,run_test_case_eval1,6,
                                [{file,"test_server.erl"},{line,1062}]},
                            {test_server,run_test_case_eval,9,
                                [{file,"test_server.erl"},{line,994}]}]}, [{state_SUITE,
                                                                            ets_tests},
                                                                           {test_server,
                                                                            ts_tc,
                                                                            1546},
                                                                           {test_server,
                                                                            run_test_case_eval1,
                                                                            1062},
                                                                           {test_server,
                                                                            run_test_case_eval,
                                                                            994}]
=== *** FAILED test case 3 of 3 ***
=case          ct_framework:end_per_suite
=logfile       ct_framework.end_per_suite.36.html
=group_props   [{suite,state_SUITE}]
=started       2019-03-23 16:29:52
=ended         2019-03-23 16:29:52
=result        ok
=elapsed       0.0
=group_time    0.069s
=== TEST COMPLETE, 1 ok, 2 failed of 3 test cases

=finished      2019-03-23 16:29:52
=failed        2
=successful    1
=user_skipped  0
=auto_skipped  0
